[INFO ] 2023-03-24 13:50:02.591 [main] SpringrestApplication - Hello ---- > Spring boot application is starting
[INFO ] 2023-03-24 13:50:03.084 [main] SpringrestApplication - Starting SpringrestApplication using Java 17.0.1 on BNENAVAT-L-3324 with PID 9648 (C:\Users\bnenavath\Documents\workspace-spring-tool-suite-4-4.13.1.RELEASE\springrest\target\classes started by bnenavath in C:\Users\bnenavath\Documents\workspace-spring-tool-suite-4-4.13.1.RELEASE\springrest)
[INFO ] 2023-03-24 13:50:03.086 [main] SpringrestApplication - The following 1 profile is active: "dev"
[INFO ] 2023-03-24 13:50:04.034 [main] RepositoryConfigurationDelegate - Bootstrapping Spring Data JPA repositories in DEFAULT mode.
[INFO ] 2023-03-24 13:50:04.092 [main] RepositoryConfigurationDelegate - Finished Spring Data repository scanning in 48 ms. Found 1 JPA repository interfaces.
[INFO ] 2023-03-24 13:50:04.400 [main] ConfigurationClassPostProcessor - Cannot enhance @Configuration bean definition 'org.springframework.security.oauth2.config.annotation.web.configuration.AuthorizationServerEndpointsConfiguration$TokenKeyEndpointRegistrar' since its singleton instance has been created too early. The typical cause is a non-static @Bean method with a BeanDefinitionRegistryPostProcessor return type: Consider declaring such methods as 'static'.
[INFO ] 2023-03-24 13:50:05.041 [main] TomcatWebServer - Tomcat initialized with port(s): 8081 (http)
[INFO ] 2023-03-24 13:50:05.067 [main] Http11NioProtocol - Initializing ProtocolHandler ["http-nio-8081"]
[INFO ] 2023-03-24 13:50:05.068 [main] StandardService - Starting service [Tomcat]
[INFO ] 2023-03-24 13:50:05.068 [main] StandardEngine - Starting Servlet engine: [Apache Tomcat/9.0.63]
[INFO ] 2023-03-24 13:50:05.260 [main] [/] - Initializing Spring embedded WebApplicationContext
[INFO ] 2023-03-24 13:50:05.260 [main] ServletWebServerApplicationContext - Root WebApplicationContext: initialization completed in 2115 ms
[INFO ] 2023-03-24 13:50:05.714 [main] LogHelper - HHH000204: Processing PersistenceUnitInfo [name: default]
[INFO ] 2023-03-24 13:50:05.797 [main] Version - HHH000412: Hibernate ORM core version 5.6.9.Final
[INFO ] 2023-03-24 13:50:06.109 [main] Version - HCANN000001: Hibernate Commons Annotations {5.1.2.Final}
[INFO ] 2023-03-24 13:50:06.302 [main] HikariDataSource - HikariPool-1 - Starting...
[INFO ] 2023-03-24 13:50:06.631 [main] HikariDataSource - HikariPool-1 - Start completed.
[INFO ] 2023-03-24 13:50:06.675 [main] Dialect - HHH000400: Using dialect: org.hibernate.dialect.PostgreSQLDialect
[INFO ] 2023-03-24 13:50:07.599 [main] JtaPlatformInitiator - HHH000490: Using JtaPlatform implementation: [org.hibernate.engine.transaction.jta.platform.internal.NoJtaPlatform]
[INFO ] 2023-03-24 13:50:07.612 [main] LocalContainerEntityManagerFactoryBean - Initialized JPA EntityManagerFactory for persistence unit 'default'
[WARN ] 2023-03-24 13:50:07.651 [main] JpaBaseConfiguration$JpaWebConfiguration - spring.jpa.open-in-view is enabled by default. Therefore, database queries may be performed during view rendering. Explicitly configure spring.jpa.open-in-view to disable this warning
[INFO ] 2023-03-24 13:50:09.172 [main] DefaultSecurityFilterChain - Will not secure Ant [pattern='/resources/**']
[INFO ] 2023-03-24 13:50:09.260 [main] DefaultSecurityFilterChain - Will secure Or [Ant [pattern='/oauth/token'], Ant [pattern='/oauth/token_key'], Ant [pattern='/oauth/check_token']] with [org.springframework.security.web.context.request.async.WebAsyncManagerIntegrationFilter@42fdf45e, org.springframework.security.web.context.SecurityContextPersistenceFilter@9771c71, org.springframework.security.web.header.HeaderWriterFilter@474deb4c, org.springframework.security.web.authentication.logout.LogoutFilter@630bd5e7, org.springframework.security.web.authentication.www.BasicAuthenticationFilter@22349ad3, org.springframework.security.web.savedrequest.RequestCacheAwareFilter@8cce9ad, org.springframework.security.web.servletapi.SecurityContextHolderAwareRequestFilter@65fe1f47, org.springframework.security.web.authentication.AnonymousAuthenticationFilter@1828ab51, org.springframework.security.web.session.SessionManagementFilter@2e88ad38, org.springframework.security.web.access.ExceptionTranslationFilter@397f925e, org.springframework.security.web.access.intercept.FilterSecurityInterceptor@73753326]
[INFO ] 2023-03-24 13:50:09.275 [main] DefaultSecurityFilterChain - Will secure com.springrest.springrest.config.ResourceServer$OAuthRequestedMatcher@32084a01 with [org.springframework.security.web.context.request.async.WebAsyncManagerIntegrationFilter@66d73e2d, org.springframework.security.web.context.SecurityContextPersistenceFilter@2e2c9e24, org.springframework.security.web.header.HeaderWriterFilter@95aeee4, org.springframework.security.web.authentication.logout.LogoutFilter@341c0dfc, org.springframework.security.oauth2.provider.authentication.OAuth2AuthenticationProcessingFilter@1a99744a, org.springframework.security.web.savedrequest.RequestCacheAwareFilter@3dd27116, org.springframework.security.web.servletapi.SecurityContextHolderAwareRequestFilter@63218586, org.springframework.security.web.session.SessionManagementFilter@3c1d6ef0, org.springframework.security.web.access.ExceptionTranslationFilter@35217e0, org.springframework.security.web.access.intercept.FilterSecurityInterceptor@7ec75228]
[INFO ] 2023-03-24 13:50:09.293 [main] DefaultSecurityFilterChain - Will secure any request with [org.springframework.security.web.context.request.async.WebAsyncManagerIntegrationFilter@19ee0a2f, org.springframework.security.web.context.SecurityContextPersistenceFilter@16279a5d, org.springframework.security.web.header.HeaderWriterFilter@677274e7, org.springframework.security.web.authentication.logout.LogoutFilter@1e487d57, org.springframework.security.web.authentication.UsernamePasswordAuthenticationFilter@5c6be812, org.springframework.security.web.authentication.ui.DefaultLoginPageGeneratingFilter@3497ecea, org.springframework.security.web.savedrequest.RequestCacheAwareFilter@1f7949dc, org.springframework.security.web.servletapi.SecurityContextHolderAwareRequestFilter@6bd8c398, org.springframework.security.web.authentication.AnonymousAuthenticationFilter@28796d0e, org.springframework.security.web.session.SessionManagementFilter@54c17a2b, org.springframework.security.web.access.ExceptionTranslationFilter@21251e43, org.springframework.security.web.access.intercept.FilterSecurityInterceptor@4babe06f]
[INFO ] 2023-03-24 13:50:10.329 [main] EndpointLinksResolver - Exposing 1 endpoint(s) beneath base path '/actuator'
[INFO ] 2023-03-24 13:50:10.386 [main] Http11NioProtocol - Starting ProtocolHandler ["http-nio-8081"]
[INFO ] 2023-03-24 13:50:10.432 [main] TomcatWebServer - Tomcat started on port(s): 8081 (http) with context path ''
[INFO ] 2023-03-24 13:50:10.469 [main] SpringrestApplication - Started SpringrestApplication in 7.779 seconds (JVM running for 8.783)
[INFO ] 2023-03-24 13:50:10.532 [RMI TCP Connection(2)-127.0.0.1] [/] - Initializing Spring DispatcherServlet 'dispatcherServlet'
[INFO ] 2023-03-24 13:50:10.532 [RMI TCP Connection(2)-127.0.0.1] DispatcherServlet - Initializing Servlet 'dispatcherServlet'
[INFO ] 2023-03-24 13:50:10.534 [RMI TCP Connection(2)-127.0.0.1] DispatcherServlet - Completed initialization in 2 ms
[INFO ] 2023-03-24 13:55:54.659 [RMI TCP Connection(11)-127.0.0.1] SpringApplicationAdminMXBeanRegistrar$SpringApplicationAdmin - Application shutdown requested.
[INFO ] 2023-03-24 13:55:54.692 [RMI TCP Connection(11)-127.0.0.1] LocalContainerEntityManagerFactoryBean - Closing JPA EntityManagerFactory for persistence unit 'default'
[INFO ] 2023-03-24 13:55:54.695 [RMI TCP Connection(11)-127.0.0.1] HikariDataSource - HikariPool-1 - Shutdown initiated...
[INFO ] 2023-03-24 13:55:54.701 [RMI TCP Connection(11)-127.0.0.1] HikariDataSource - HikariPool-1 - Shutdown completed.
